Arguments: 
  /usr/local/bin/node /usr/local/bin/yarn start

PATH: 
  /usr/local/bin:/usr/bin:/bin:/usr/sbin:/sbin:/Users/oscar.rodriguez/Library/Python/2.7/bin

Yarn version: 
  1.17.3

Node version: 
  10.16.2

Platform: 
  darwin x64

Trace: 
  Error: EISDIR: illegal operation on a directory, read

npm manifest: 
  {
    "name": "rethinkpm",
    "version": "1.0.0",
    "description": "",
    "main": "index.js",
    "scripts": {
      "start": "node server/server",
      "server": "nodemon server/server",
      "client": " npm start --prefix client",
      "dev": "concurrently \"npm run server\" \"npm run client\"",
      "heroku-postbuild": "NPM_CONFIG_PRODUCTION=false npm install --prefix client && npm run build --prefix client"
    },
    "author": "",
    "license": "ISC",
    "dependencies": {
      "bcryptjs": "^2.4.3",
      "concurrently": "^4.1.0",
      "cookie-parser": "^1.4.4",
      "cors": "^2.8.5",
      "dotenv": "^8.0.0",
      "express": "^4.17.1",
      "gravatar": "^1.8.0",
      "jsonwebtoken": "^8.5.1",
      "mongoose": "^5.8.10",
      "node-cron": "^2.0.3",
      "nodemailer": "^6.3.0",
      "request": "^2.88.0",
      "request-promise": "^4.2.4",
      "socket.io": "^2.3.0",
      "twilio": "^3.34.0"
    }
  }

yarn manifest: 
  No manifest

Lockfile: 
  No lockfile
